<?xml version="1.0" encoding="UTF-8"?>
<!-- Generated by org.testng.reporters.JUnitReportReporter -->
<testsuite hostname="DESKTOP-O0CIPEK" failures="0" tests="4" name="com.mavn.FirstTest" time="0.262" errors="0" timestamp="2022-08-24T07:25:34 IST" skipped="0">
  <testcase classname="com.mavn.FirstTest" name="efg" time="0.022"/>
  <system-out/>
  <testcase classname="com.mavn.FirstTest" name="efg" time="0.145"/>
  <system-out/>
  <testcase classname="com.mavn.FirstTest" name="xyz" time="0.066"/>
  <system-out/>
  <testcase classname="com.mavn.FirstTest" name="abc" time="0.029"/>
  <system-out/>
</testsuite> <!-- com.mavn.FirstTest -->
